-------------------------------------------------------------------------------
Test set: com.example.todolist.repository.TodoRepositoryTest
-------------------------------------------------------------------------------
Tests run: 2, Failures: 1, Errors: 0, Skipped: 0, Time elapsed: 1.548 s <<< FAILURE! - in com.example.todolist.repository.TodoRepositoryTest
testUpdate  Time elapsed: 0.01 s  <<< FAILURE!
org.opentest4j.AssertionFailedError: expected: <TEST2> but was: <TEST4>
	at com.example.todolist.repository.TodoRepositoryTest.testUpdate(TodoRepositoryTest.java:53)

